kotlin version: 2.4.0
error message: Incremental compilation failed: C:\Users\Oronami\Documents\ilustia-code\Illustia\app\build\intermediates\built_in_kotlinc\debug\compileDebugKotlin\classes\com\yunfie\illustia\ui\screens\LoginScreensKt$RefreshTokenLoginBottomSheet$2$1$1$1$1.class (指定されたファイルが見つかりません。)
java.io.FileNotFoundException: C:\Users\Oronami\Documents\ilustia-code\Illustia\app\build\intermediates\built_in_kotlinc\debug\compileDebugKotlin\classes\com\yunfie\illustia\ui\screens\LoginScreensKt$RefreshTokenLoginBottomSheet$2$1$1$1$1.class (指定されたファイルが見つかりません。)
	at java.base/java.io.IoOverNioFileSystem.convertNioToIoExceptionInStreams(IoOverNioFileSystem.java:123)
	at java.base/java.io.IoOverNioFileSystem.initializeStreamsUsingNio0(IoOverNioFileSystem.java:377)
	at java.base/java.io.IoOverNioFileSystem.initializeStreamUsingNio(IoOverNioFileSystem.java:344)
	at java.base/java.io.FileInputStream.<init>(FileInputStream.java:181)
	at kotlin.io.FilesKt__FileReadWriteKt.readBytes(FileReadWrite.kt:73)
	at org.jetbrains.kotlin.incremental.LocalFileKotlinClass$Companion.create(LocalFileKotlinClass.kt:37)
	at org.jetbrains.kotlin.build.GeneratedJvmClass.<init>(generatedFiles.kt:39)
	at org.jetbrains.kotlin.compilerRunner.OutputItemsCollectorKt.toGeneratedFile(OutputItemsCollector.kt:59)
	at org.jetbrains.kotlin.incremental.IncrementalCompilerRunner.doCompile(IncrementalCompilerRunner.kt:561)
	at org.jetbrains.kotlin.incremental.IncrementalCompilerRunner.compileImpl(IncrementalCompilerRunner.kt:451)
	at org.jetbrains.kotlin.incremental.IncrementalCompilerRunner.tryCompileIncrementally$lambda$0$compile(IncrementalCompilerRunner.kt:271)
	at org.jetbrains.kotlin.incremental.IncrementalCompilerRunner.tryCompileIncrementally(IncrementalCompilerRunner.kt:289)
	at org.jetbrains.kotlin.incremental.IncrementalCompilerRunner.compile(IncrementalCompilerRunner.kt:130)
	at org.jetbrains.kotlin.daemon.CompileServiceImplBase.execIncrementalCompiler(CompileServiceImpl.kt:782)
	at org.jetbrains.kotlin.daemon.CompileServiceImplBase.access$execIncrementalCompiler(CompileServiceImpl.kt:108)
	at org.jetbrains.kotlin.daemon.CompileServiceImpl.compile(CompileServiceImpl.kt:2046)
	at java.base/jdk.internal.reflect.DirectMethodHandleAccessor.invoke(DirectMethodHandleAccessor.java:103)
	at java.base/java.lang.reflect.Method.invoke(Method.java:580)
	at java.rmi/sun.rmi.server.UnicastServerRef.dispatch(UnicastServerRef.java:360)
	at java.rmi/sun.rmi.transport.Transport$1.run(Transport.java:200)
	at java.rmi/sun.rmi.transport.Transport$1.run(Transport.java:197)
	at java.base/java.security.AccessController.doPrivileged(AccessController.java:714)
	at java.rmi/sun.rmi.transport.Transport.serviceCall(Transport.java:196)
	at java.rmi/sun.rmi.transport.tcp.TCPTransport.handleMessages(TCPTransport.java:598)
	at java.rmi/sun.rmi.transport.tcp.TCPTransport$ConnectionHandler.run0(TCPTransport.java:844)
	at java.rmi/sun.rmi.transport.tcp.TCPTransport$ConnectionHandler.lambda$run$0(TCPTransport.java:721)
	at java.base/java.security.AccessController.doPrivileged(AccessController.java:400)
	at java.rmi/sun.rmi.transport.tcp.TCPTransport$ConnectionHandler.run(TCPTransport.java:720)
	at java.base/java.util.concurrent.ThreadPoolExecutor.runWorker(ThreadPoolExecutor.java:1144)
	at java.base/java.util.concurrent.ThreadPoolExecutor$Worker.run(ThreadPoolExecutor.java:642)
	at java.base/java.lang.Thread.run(Thread.java:1583)
Caused by: java.nio.file.NoSuchFileException: C:\Users\Oronami\Documents\ilustia-code\Illustia\app\build\intermediates\built_in_kotlinc\debug\compileDebugKotlin\classes\com\yunfie\illustia\ui\screens\LoginScreensKt$RefreshTokenLoginBottomSheet$2$1$1$1$1.class
	at java.base/sun.nio.fs.WindowsException.translateToIOException(WindowsException.java:87)
	at java.base/sun.nio.fs.WindowsException.rethrowAsIOException(WindowsException.java:106)
	at java.base/sun.nio.fs.WindowsException.rethrowAsIOException(WindowsException.java:112)
	at java.base/sun.nio.fs.WindowsFileSystemProvider.newFileChannel(WindowsFileSystemProvider.java:119)
	at java.base/java.io.IoOverNioFileSystem.initializeStreamsUsingNio0(IoOverNioFileSystem.java:359)
	... 29 more


