kotlin version: 2.3.20
error message: Incremental compilation failed: C:\Users\Oronami\Documents\ilustia-code\Illustia\app\build\kotlin\compileDebugKotlin\classpath-snapshot\shrunk-classpath-snapshot.bin (指定されたファイルが見つかりません。)
java.io.FileNotFoundException: C:\Users\Oronami\Documents\ilustia-code\Illustia\app\build\kotlin\compileDebugKotlin\classpath-snapshot\shrunk-classpath-snapshot.bin (指定されたファイルが見つかりません。)
	at java.base/java.io.IoOverNioFileSystem.convertNioToIoExceptionInStreams(Unknown Source)
	at java.base/java.io.IoOverNioFileSystem.initializeStreamsUsingNio0(Unknown Source)
	at java.base/java.io.IoOverNioFileSystem.initializeStreamUsingNio(Unknown Source)
	at java.base/java.io.FileInputStream.<init>(Unknown Source)
	at org.jetbrains.kotlin.incremental.storage.ExternalizersKt.loadFromFile(externalizers.kt:185)
	at org.jetbrains.kotlin.incremental.snapshots.LazyClasspathSnapshot.getSavedShrunkClasspathAgainstPreviousLookups(LazyClasspathSnapshot.kt:86)
	at org.jetbrains.kotlin.incremental.classpathDiff.ClasspathSnapshotShrinkerKt.shrinkAndSaveClasspathSnapshot(ClasspathSnapshotShrinker.kt:267)
	at org.jetbrains.kotlin.incremental.IncrementalJvmCompilerRunner.performWorkAfterCompilation(IncrementalJvmCompilerRunner.kt:84)
	at org.jetbrains.kotlin.incremental.IncrementalJvmCompilerRunner.performWorkAfterCompilation(IncrementalJvmCompilerRunner.kt:26)
	at org.jetbrains.kotlin.incremental.IncrementalCompilerRunner.compileImpl(IncrementalCompilerRunner.kt:424)
	at org.jetbrains.kotlin.incremental.IncrementalCompilerRunner.tryCompileIncrementally$lambda$0$compile(IncrementalCompilerRunner.kt:252)
	at org.jetbrains.kotlin.incremental.IncrementalCompilerRunner.tryCompileIncrementally(IncrementalCompilerRunner.kt:270)
	at org.jetbrains.kotlin.incremental.IncrementalCompilerRunner.compile(IncrementalCompilerRunner.kt:122)
	at org.jetbrains.kotlin.daemon.CompileServiceImplBase.execIncrementalCompiler(CompileServiceImpl.kt:764)
	at org.jetbrains.kotlin.daemon.CompileServiceImplBase.access$execIncrementalCompiler(CompileServiceImpl.kt:107)
	at org.jetbrains.kotlin.daemon.CompileServiceImpl.compile(CompileServiceImpl.kt:2026)
	at java.base/jdk.internal.reflect.DirectMethodHandleAccessor.invoke(Unknown Source)
	at java.base/java.lang.reflect.Method.invoke(Unknown Source)
	at java.rmi/sun.rmi.server.UnicastServerRef.dispatch(Unknown Source)
	at java.rmi/sun.rmi.transport.Transport$1.run(Unknown Source)
	at java.rmi/sun.rmi.transport.Transport$1.run(Unknown Source)
	at java.base/java.security.AccessController.doPrivileged(Unknown Source)
	at java.rmi/sun.rmi.transport.Transport.serviceCall(Unknown Source)
	at java.rmi/sun.rmi.transport.tcp.TCPTransport.handleMessages(Unknown Source)
	at java.rmi/sun.rmi.transport.tcp.TCPTransport$ConnectionHandler.run0(Unknown Source)
	at java.rmi/sun.rmi.transport.tcp.TCPTransport$ConnectionHandler.lambda$run$0(Unknown Source)
	at java.base/java.security.AccessController.doPrivileged(Unknown Source)
	at java.rmi/sun.rmi.transport.tcp.TCPTransport$ConnectionHandler.run(Unknown Source)
	at java.base/java.util.concurrent.ThreadPoolExecutor.runWorker(Unknown Source)
	at java.base/java.util.concurrent.ThreadPoolExecutor$Worker.run(Unknown Source)
	at java.base/java.lang.Thread.run(Unknown Source)
Caused by: java.nio.file.NoSuchFileException: C:\Users\Oronami\Documents\ilustia-code\Illustia\app\build\kotlin\compileDebugKotlin\classpath-snapshot\shrunk-classpath-snapshot.bin
	at java.base/sun.nio.fs.WindowsException.translateToIOException(Unknown Source)
	at java.base/sun.nio.fs.WindowsException.rethrowAsIOException(Unknown Source)
	at java.base/sun.nio.fs.WindowsException.rethrowAsIOException(Unknown Source)
	at java.base/sun.nio.fs.WindowsFileSystemProvider.newFileChannel(Unknown Source)
	... 30 more


